[30Aug2025 00:00:15.421] [Server thread/INFO] [net.minecraft.server.MinecraftServer/]: [Not Secure] <Elcajudo> no es si no le quita
[30Aug2025 00:00:22.192] [Server thread/INFO] [net.minecraft.server.MinecraftServer/]: [Not Secure] <Elcajudo> es que pasa con el tiempo
[30Aug2025 00:00:23.070] [Server thread/INFO] [net.minecraft.server.MinecraftServer/]: [Not Secure] <Elcajudo> xd
[30Aug2025 00:00:33.219] [Server thread/INFO] [net.minecraft.server.MinecraftServer/]: [Not Secure] <Elcajudo> quitale las cosas y el cadaver sigue ahí
[30Aug2025 00:00:51.030] [Server thread/INFO] [net.minecraft.server.MinecraftServer/]: [Not Secure] <Elcajudo> ahhh
[30Aug2025 00:00:54.054] [Server thread/INFO] [net.minecraft.server.MinecraftServer/]: Ezreaaal has made the advancement [Cobweb Entanglement]
[30Aug2025 00:01:36.340] [Server thread/WARN] [net.minecraft.server.network.ServerGamePacketListenerImpl/]: Elcajudo moved too quickly! 4.6205762488505115,0.7702254946512284,-10.745348869128065
[30Aug2025 00:03:43.120] [Server thread/INFO] [net.minecraft.server.MinecraftServer/]: [Not Secure] <Elcajudo> Esto si es un campo de flores grande lol
[30Aug2025 00:04:27.775] [Server thread/INFO] [net.minecraft.server.MinecraftServer/]: [Not Secure] <Elcajudo> quiero un bioma chido
[30Aug2025 00:04:35.280] [Server thread/INFO] [net.minecraft.server.MinecraftServer/]: [Not Secure] <Elcajudo> creo q me toca vivir en el end o nether
[30Aug2025 00:05:33.774] [Server thread/INFO] [net.minecraft.server.MinecraftServer/]: [Not Secure] <Elcajudo> devuelvase?
[30Aug2025 00:06:32.080] [Server thread/INFO] [net.minecraft.server.MinecraftServer/]: [Not Secure] <Elcajudo> yo estou LEJISIMOS
[30Aug2025 00:06:52.474] [Server thread/INFO] [net.minecraft.server.MinecraftServer/]: [Not Secure] <Elcajudo> ESTOY A 2000 BLOQS DE DIST
[30Aug2025 00:07:51.628] [Server thread/INFO] [net.minecraft.server.MinecraftServer/]: [Not Secure] <Elcajudo> Ahh gente las amatistas son valiosas ahora
[30Aug2025 00:07:55.123] [Server thread/INFO] [net.minecraft.server.MinecraftServer/]: [Not Secure] <Elcajudo> quedenselas xd
[30Aug2025 00:08:18.789] [Server thread/INFO] [net.minecraft.server.MinecraftServer/]: [Not Secure] <Elcajudo> Ahhhhh UN PERRO NUEVO
[30Aug2025 00:08:32.322] [Server thread/INFO] [net.minecraft.server.MinecraftServer/]: [Not Secure] <Elcajudo> TENGO UN SHIBA
[30Aug2025 00:08:46.369] [Server thread/INFO] [net.minecraft.server.MinecraftServer/]: [Not Secure] <Elcajudo> SISISI JAJAJA
[30Aug2025 00:08:50.570] [Server thread/INFO] [net.minecraft.server.MinecraftServer/]: [Not Secure] <Elcajudo> TENGO UN SHIBA
[30Aug2025 00:10:37.868] [Server thread/INFO] [net.minecraft.server.MinecraftServer/]: Ezreaaal has made the advancement [Isn't It Iron Pick]
[30Aug2025 00:11:31.677] [Server thread/INFO] [net.minecraft.server.MinecraftServer/]: [Not Secure] <Elcajudo> JAJAJ
[30Aug2025 00:11:42.678] [Server thread/INFO] [net.minecraft.server.network.ServerGamePacketListenerImpl/]: Ezreaaal lost connection: Disconnected
[30Aug2025 00:11:42.678] [Server thread/INFO] [net.minecraft.server.MinecraftServer/]: Ezreaaal left the game
[30Aug2025 00:11:42.678] [Server thread/INFO] [voicechat/]: [voicechat] Disconnecting client Ezreaaal
[30Aug2025 00:11:43.972] [Server thread/INFO] [net.minecraft.server.MinecraftServer/]: [Not Secure] <Elcajudo> cuidese
[30Aug2025 00:16:59.468] [Server thread/INFO] [net.minecraft.server.MinecraftServer/]: [Not Secure] <Elcajudo> hmm
[30Aug2025 00:18:23.977] [Server thread/INFO] [net.minecraft.server.MinecraftServer/]: Elcajudo fell from a high place
[30Aug2025 00:18:23.981] [Server thread/INFO] [com.tiviacz.travelersbackpack.TravelersBackpack/]: Created new backpack backup file for Elcajudo with unique ID travelersbackpack.bat_30.08.2025-00.18.23.dat
[30Aug2025 00:18:23.981] [Server thread/INFO] [com.tiviacz.travelersbackpack.TravelersBackpack/]: There's no space for backpack. Dropping backpack item at X: -615 Y: 71.0 Z: -1929
[30Aug2025 00:18:25.264] [Server thread/WARN] [net.minecraft.server.network.ServerGamePacketListenerImpl/]: Jaylin_207 moved too quickly! 7.642969617284365,-0.756759288177264,7.044153999652963
[30Aug2025 00:18:34.061] [Server thread/INFO] [net.minecraft.server.network.ServerGamePacketListenerImpl/]: Jaylin_207 lost connection: Disconnected
[30Aug2025 00:18:34.061] [Server thread/INFO] [net.minecraft.server.MinecraftServer/]: Jaylin_207 left the game
[30Aug2025 00:18:34.061] [Server thread/INFO] [voicechat/]: [voicechat] Disconnecting client Jaylin_207
[30Aug2025 00:18:36.517] [Server thread/INFO] [net.minecraft.server.MinecraftServer/]: [Not Secure] <Elcajudo> memato
[30Aug2025 00:18:47.821] [Server thread/INFO] [net.minecraft.server.players.PlayerList/]: Jaylin_207[/10.242.173.6:54580] logged in with entity id 184516 at (24.906493803973788, 63.0, -551.9043258499627)
[30Aug2025 00:18:47.825] [Server thread/INFO] [org.betterx.worlds.together.util.Logger/]: [betternether] Freeze Registry[ResourceKey[minecraft:root / worlds_together:worldgen/betterx/surface_rules] (Stable)]
[30Aug2025 00:18:47.830] [Server thread/INFO] [ModernFix/]: Using enhanced recipe sync for player Jaylin_207
[30Aug2025 00:18:47.831] [Server thread/INFO] [net.minecraft.server.MinecraftServer/]: Jaylin_207 joined the game
[30Aug2025 00:18:54.361] [Server thread/INFO] [voicechat/]: [voicechat] Received secret request of Jaylin_207 (18)
[30Aug2025 00:18:54.362] [Server thread/INFO] [voicechat/]: [voicechat] Sent secret to Jaylin_207
[30Aug2025 00:18:54.362] [Server thread/INFO] [org.betterx.worlds.together.util.Logger/]: [bclib] Received Hello from Client. (server=3.0.14, client=3.0.14)
[30Aug2025 00:18:54.362] [Server thread/INFO] [org.betterx.worlds.together.util.Logger/]: [bclib] Sending Hello to Client. (server=3.0.14)
[30Aug2025 00:18:54.362] [Server thread/INFO] [org.betterx.worlds.together.util.Logger/]: [bclib] 	- Listing Mod betternether v9.0.10 (size: 21.9 MiB, download=true)
[30Aug2025 00:18:54.363] [Server thread/INFO] [org.betterx.worlds.together.util.Logger/]: [bclib] 	- Listing Mod bclib v3.0.14 (size: 2.2 MiB, download=true)
[30Aug2025 00:18:54.363] [Server thread/INFO] [org.betterx.worlds.together.util.Logger/]: [bclib] 	- Offering Config bclib.CONFIG_betternether.main
[30Aug2025 00:18:54.363] [Server thread/INFO] [org.betterx.worlds.together.util.Logger/]: [bclib] 	- Offering Config bclib.CONFIG_betternether.generator
[30Aug2025 00:18:54.363] [Server thread/INFO] [org.betterx.worlds.together.util.Logger/]: [bclib] 	- Offering Config bclib.CONFIG_betternether.blocks
[30Aug2025 00:18:54.363] [Server thread/INFO] [org.betterx.worlds.together.util.Logger/]: [bclib] 	- Offering Config bclib.CONFIG_betternether.items
[30Aug2025 00:18:54.363] [Server thread/INFO] [org.betterx.worlds.together.util.Logger/]: [bclib] 	- Offering Config bclib.CONFIG_betternether.biomes
[30Aug2025 00:18:54.363] [Server thread/INFO] [org.betterx.worlds.together.util.Logger/]: [bclib] 	- Offering Config bclib.CONFIG_betternether.mobs
[30Aug2025 00:18:54.363] [Server thread/INFO] [org.betterx.worlds.together.util.Logger/]: [bclib] 	- Offering Config bclib.CONFIG_bclib.generator
[30Aug2025 00:18:54.363] [Server thread/INFO] [org.betterx.worlds.together.util.Logger/]: [bclib] 	- Offering Config bclib.CONFIG_bclib.main
[30Aug2025 00:18:54.363] [Server thread/INFO] [org.betterx.worlds.together.util.Logger/]: [bclib] 	- Offering Config bclib.CONFIG_bclib.biomes
[30Aug2025 00:18:54.363] [Server thread/INFO] [org.betterx.worlds.together.util.Logger/]: [bclib] 	- Offering Config bclib.CONFIG_betterend.entities
[30Aug2025 00:18:54.364] [Server thread/INFO] [org.betterx.worlds.together.util.Logger/]: [bclib] 	- Offering Config bclib.CONFIG_betterend.blocks
[30Aug2025 00:18:54.364] [Server thread/INFO] [org.betterx.worlds.together.util.Logger/]: [bclib] 	- Offering Config bclib.CONFIG_betterend.items
[30Aug2025 00:18:54.364] [Server thread/INFO] [org.betterx.worlds.together.util.Logger/]: [bclib] 	- Offering Config bclib.CONFIG_betterend.enchantments
[30Aug2025 00:18:54.364] [Server thread/INFO] [org.betterx.worlds.together.util.Logger/]: [bclib] 	- Offering Folder /workspaces/SERVER-1/servidor_minecraft/bclib-sync (allowDelete=true)
[30Aug2025 00:19:04.308] [VoiceChatPacketProcessingThread/INFO] [voicechat/]: [voicechat] Successfully authenticated player a57abe19-66f3-38c8-ad8c-1abe9767e521
[30Aug2025 00:19:05.603] [VoiceChatPacketProcessingThread/INFO] [voicechat/]: [voicechat] Successfully validated connection of player a57abe19-66f3-38c8-ad8c-1abe9767e521
[30Aug2025 00:19:05.603] [VoiceChatPacketProcessingThread/INFO] [voicechat/]: [voicechat] Player Jaylin_207 (a57abe19-66f3-38c8-ad8c-1abe9767e521) successfully connected to voice chat
[30Aug2025 00:19:42.832] [Server thread/INFO] [net.minecraft.server.MinecraftServer/]: [Not Secure] <Elcajudo> ?
[30Aug2025 00:19:53.036] [Server thread/INFO] [net.minecraft.server.MinecraftServer/]: [Not Secure] <Elcajudo> ahh?
[30Aug2025 00:20:11.963] [Server thread/INFO] [net.minecraft.server.MinecraftServer/]: [Not Secure] <Elcajudo> q
[30Aug2025 00:20:16.109] [Server thread/INFO] [net.minecraft.server.MinecraftServer/]: [Not Secure] <Elcajudo> garden of banban?
[30Aug2025 00:20:26.539] [Server thread/INFO] [net.minecraft.server.MinecraftServer/]: [Not Secure] <Elcajudo> que no puedes jugarlo?
[30Aug2025 00:20:37.128] [Server thread/INFO] [net.minecraft.server.MinecraftServer/]: [Not Secure] <Elcajudo> Ahhh
[30Aug2025 00:20:44.166] [Server thread/INFO] [net.minecraft.server.MinecraftServer/]: [Not Secure] <Elcajudo> ahh internet
[30Aug2025 00:20:44.859] [Server thread/INFO] [net.minecraft.server.MinecraftServer/]: [Not Secure] <Elcajudo> es
[30Aug2025 00:20:49.761] [Server thread/INFO] [net.minecraft.server.MinecraftServer/]: [Not Secure] <Elcajudo> tnes 1 barrita
[30Aug2025 00:22:15.643] [Server thread/INFO] [net.minecraft.server.MinecraftServer/]: [Not Secure] <Elcajudo> Internet
[30Aug2025 00:22:33.161] [Server thread/INFO] [net.minecraft.server.MinecraftServer/]: [Not Secure] <Elcajudo> Talvez no, es que Es el internet
[30Aug2025 00:22:39.439] [Server thread/INFO] [net.minecraft.server.MinecraftServer/]: [Not Secure] <Elcajudo> toque tab
[30Aug2025 00:22:49.010] [Server thread/INFO] [net.minecraft.server.MinecraftServer/]: [Not Secure] <Elcajudo> y ust ve esas barras verdes? Es internet
[30Aug2025 00:23:27.410] [Server thread/INFO] [net.minecraft.server.MinecraftServer/]: [Not Secure] <Elcajudo> ??
[30Aug2025 00:23:38.142] [Server thread/INFO] [net.minecraft.server.MinecraftServer/]: [Not Secure] <Elcajudo> Quien no quiere jugar y q le da estres'
[30Aug2025 00:24:08.761] [Server thread/INFO] [net.minecraft.server.MinecraftServer/]: [Not Secure] <Elcajudo> Ahhh pues bueno va a seguir asi por un rato
[30Aug2025 00:24:11.830] [Server thread/INFO] [net.minecraft.server.MinecraftServer/]: [Not Secure] <Elcajudo> por el internet
[30Aug2025 00:25:10.967] [Server thread/WARN] [net.minecraft.server.network.ServerGamePacketListenerImpl/]: Jaylin_207 moved too quickly! 1.1554533509226417,-1.6815583980583142,10.03819982381222
[30Aug2025 00:25:12.762] [Server thread/INFO] [net.minecraft.server.MinecraftServer/]: [Not Secure] <Elcajudo> afk+
[30Aug2025 00:25:40.539] [Server thread/INFO] [net.minecraft.server.MinecraftServer/]: Jaylin_207 has made the advancement [Best Friends Forever]
[30Aug2025 00:27:10.177] [Server thread/INFO] [net.minecraft.server.MinecraftServer/]: [Not Secure] <Elcajudo> volvi xd
[30Aug2025 00:27:33.817] [Server thread/INFO] [net.minecraft.server.MinecraftServer/]: [Not Secure] <Elcajudo> -615 71 -1929 voy
[30Aug2025 00:29:36.213] [Server thread/INFO] [net.minecraft.server.MinecraftServer/]: [Not Secure] <Elcajudo> Va a cenar?
[30Aug2025 00:29:47.381] [Server thread/INFO] [net.minecraft.server.MinecraftServer/]: [Not Secure] <Elcajudo> JAJAJS yo voy a almorzar
[30Aug2025 00:29:49.293] [Server thread/INFO] [net.minecraft.server.MinecraftServer/]: [Not Secure] <Elcajudo> buenom
[30Aug2025 00:29:51.760] [Server thread/INFO] [net.minecraft.server.MinecraftServer/]: [Not Secure] <Elcajudo> Cuideseme
[30Aug2025 00:29:57.334] [Server thread/INFO] [net.minecraft.server.MinecraftServer/]: [Not Secure] <Elcajudo> PUES ALGUIEN ME LLAMO JAJAJAJA
[30Aug2025 00:29:58.914] [Server thread/INFO] [net.minecraft.server.network.ServerGamePacketListenerImpl/]: Jaylin_207 lost connection: Disconnected
[30Aug2025 00:29:58.914] [Server thread/INFO] [net.minecraft.server.MinecraftServer/]: Jaylin_207 left the game
[30Aug2025 00:29:58.914] [Server thread/INFO] [voicechat/]: [voicechat] Disconnecting client Jaylin_207
[30Aug2025 00:33:34.452] [Server thread/INFO] [net.minecraft.server.network.ServerGamePacketListenerImpl/]: Elcajudo lost connection: Disconnected
[30Aug2025 00:33:34.453] [Server thread/INFO] [net.minecraft.server.MinecraftServer/]: Elcajudo left the game
[30Aug2025 00:33:34.455] [Server thread/INFO] [voicechat/]: [voicechat] Disconnecting client Elcajudo
[30Aug2025 00:34:01.246] [Server thread/INFO] [net.minecraft.server.MinecraftServer/]: Stopping server
[30Aug2025 00:34:01.247] [Server thread/INFO] [net.minecraft.server.MinecraftServer/]: Saving players
[30Aug2025 00:34:01.247] [Server thread/INFO] [net.minecraft.server.MinecraftServer/]: Saving worlds
[30Aug2025 00:34:01.313] [Server thread/INFO] [net.minecraft.server.MinecraftServer/]: Saving chunks for level 'ServerLevel[world]'/minecraft:overworld
[30Aug2025 00:34:01.511] [Server thread/INFO] [net.minecraft.server.MinecraftServer/]: Saving chunks for level 'ServerLevel[world]'/minecraft:the_nether
[30Aug2025 00:34:01.511] [Server thread/INFO] [net.minecraft.server.MinecraftServer/]: Saving chunks for level 'ServerLevel[world]'/minecraft:the_end
[30Aug2025 00:34:01.553] [Server thread/INFO] [net.minecraft.server.MinecraftServer/]: ThreadedAnvilChunkStorage (world): All chunks are saved
[30Aug2025 00:34:01.553] [Server thread/INFO] [net.minecraft.server.MinecraftServer/]: ThreadedAnvilChunkStorage (DIM-1): All chunks are saved
[30Aug2025 00:34:01.553] [Server thread/INFO] [net.minecraft.server.MinecraftServer/]: ThreadedAnvilChunkStorage (DIM1): All chunks are saved
[30Aug2025 00:34:01.553] [Server thread/INFO] [net.minecraft.server.MinecraftServer/]: ThreadedAnvilChunkStorage: All dimensions are saved
